<?xml version="1.0" encoding="UTF-8"?>
<testsuites>
  <testsuite name="agent-device replay suite" tests="1" failures="0" skipped="0" time="33.903">
    <testcase classname="/Users/thiagobrez/.codex/worktrees/98e3/react-native-bottom-tabs/apps/example/e2e" name="Interact with a Unicode tab key" file="/Users/thiagobrez/.codex/worktrees/98e3/react-native-bottom-tabs/apps/example/e2e/unicode-tab-key.yaml" time="33.896">
      <system-out>status: passed
durationMs: 33896
attempts: 1
session: issue560-e2e:test:b9e1da5f1f6b7d0c:1-unicode-tab-key:attempt-1
replayed: 8
healed: 0
artifactsDir: /Users/thiagobrez/.codex/worktrees/98e3/react-native-bottom-tabs/artifacts/issue-560/e2e-result/b9e1da5f1f6b7d0c/apps__example__e2e__unicode-tab-key.yaml</system-out>
    </testcase>
  </testsuite>
</testsuites>
